<!DOCTYPE html PUBLIC "-//W3C//DTD XHTML 1.1//EN" "https://www.w3.org/TR/xhtml11/DTD/xhtml11.dtd">
<html xmlns="https://www.w3.org/1999/xhtml">
<head>
<meta http-equiv="content-type" content="text/html; charset=UTF-8"/>
<title>TestNG Report</title>
<style type="text/css">table {margin-bottom:10px;border-collapse:collapse;empty-cells:show}th,td {border:1px solid #009;padding:.25em .5em}th {vertical-align:bottom}td {vertical-align:top}table a {font-weight:bold}.stripe td {background-color: #E6EBF9}.num {text-align:right}.passedodd td {background-color: #3F3}.passedeven td {background-color: #0A0}.skippedodd td {background-color: #DDD}.skippedeven td {background-color: #CCC}.failedodd td,.attn {background-color: #F33}.failedeven td,.stripe .attn {background-color: #D00}.stacktrace {white-space:pre;font-family:monospace}.totop {font-size:85%;text-align:center;border-bottom:2px solid #000}.invisible {display:none}</style>
</head>
<body>
<table>
<tr><th>Test</th><th># Passed</th><th># Skipped</th><th># Retried</th><th># Failed</th><th>Time (ms)</th><th>Included Groups</th><th>Excluded Groups</th></tr>
<tr><th colspan="8">Suite</th></tr>
<tr><td><a href="#t0">Test</a></td><td class="num">10</td><td class="num">0</td><td class="num attn">2</td><td class="num">0</td><td class="num">57,935</td><td></td><td></td></tr>
</table>
<table id='summary'><thead><tr><th>Class</th><th>Method</th><th>Start</th><th>Time (ms)</th></tr></thead><tbody><tr><th colspan="4">Suite</th></tr></tbody><tbody id="t0"><tr><th colspan="4">Test &#8212; retried</th></tr><tr class="retriedeven"><td rowspan="2">testcases.alerts_frame_windowns</td><td><a href="#m0">alert</a></td><td rowspan="2">1693891172171</td><td rowspan="2">17721</td></tr><tr class="retriedeven"><td><a href="#m1">alert</a></td></tr><tr><th colspan="4">Test &#8212; passed</th></tr><tr class="passedeven"><td rowspan="5">testcases.Toolsqa_elements</td><td><a href="#m2">buttons</a></td><td rowspan="1">1693891221674</td><td rowspan="1">779</td></tr><tr class="passedeven"><td><a href="#m3">checkbox</a></td><td rowspan="1">1693891219332</td><td rowspan="1">769</td></tr><tr class="passedeven"><td><a href="#m4">radiobutton</a></td><td rowspan="1">1693891220102</td><td rowspan="1">388</td></tr><tr class="passedeven"><td><a href="#m5">textbox</a></td><td rowspan="1">1693891215943</td><td rowspan="1">3386</td></tr><tr class="passedeven"><td><a href="#m6">webtables</a></td><td rowspan="1">1693891220493</td><td rowspan="1">1180</td></tr><tr class="passedodd"><td rowspan="5">testcases.alerts_frame_windowns</td><td><a href="#m7">alert</a></td><td rowspan="1">1693891192743</td><td rowspan="1">7916</td></tr><tr class="passedodd"><td><a href="#m8">frames</a></td><td rowspan="1">1693891200672</td><td rowspan="1">6665</td></tr><tr class="passedodd"><td><a href="#m9">nested_frames</a></td><td rowspan="1">1693891207338</td><td rowspan="1">3471</td></tr><tr class="passedodd"><td><a href="#m10">slider</a></td><td rowspan="1">1693891211935</td><td rowspan="1">4004</td></tr><tr class="passedodd"><td><a href="#m11">windowhandling</a></td><td rowspan="1">1693891210812</td><td rowspan="1">1121</td></tr></tbody>
</table>
<h2>Test</h2><h3 id="m0">testcases.alerts_frame_windowns#alert</h3><table class="result"><tr><th>Messages</th></tr><tr><td><div class="messages">New Test Startedalert</div></td></tr><tr><th>Exception</th></tr><tr><td><div class="stacktrace">org.openqa.selenium.ElementClickInterceptedException: element click intercepted: Element &lt;button id=&quot;promtButton&quot; type=&quot;button&quot; class=&quot;btn btn-primary&quot;&gt;...&lt;/button&gt; is not clickable at point (689, 433). Other element would receive the click: &lt;div&gt;...&lt;/div&gt;
  (Session info: chrome=116.0.5845.141)
Build info: version: &apos;4.5.0&apos;, revision: &apos;fe167b119a&apos;
System info: os.name: &apos;Windows 10&apos;, os.arch: &apos;amd64&apos;, os.version: &apos;10.0&apos;, java.version: &apos;19&apos;
Driver info: org.openqa.selenium.chrome.ChromeDriver
Command: [2c00fb3372ec11071133aa278ab1e73b, clickElement {id=FF528BA1892556F26A87AA990D7A91BA_element_53}]
Capabilities {acceptInsecureCerts: false, browserName: chrome, browserVersion: 116.0.5845.141, chrome: {chromedriverVersion: 116.0.5845.96 (1a3918166880..., userDataDir: C:\Users\MASANA~1\AppData\L...}, fedcm:accounts: true, goog:chromeOptions: {debuggerAddress: localhost:62383}, networkConnectionEnabled: false, pageLoadStrategy: normal, platformName: WINDOWS, proxy: Proxy(), se:cdp: ws://localhost:62383/devtoo..., se:cdpVersion: 116.0.5845.141, setWindowRect: true, strictFileInteractability: false, timeouts: {implicit: 0, pageLoad: 300000, script: 30000}, unhandledPromptBehavior: dismiss and notify, webauthn:extension:credBlob: true, webauthn:extension:largeBlob: true, webauthn:extension:minPinLength: true, webauthn:extension:prf: true, webauthn:virtualAuthenticators: true}
Element: [[ChromeDriver: chrome on WINDOWS (2c00fb3372ec11071133aa278ab1e73b)] -&gt; xpath: //button[@id=&quot;promtButton&quot;]]
Session ID: 2c00fb3372ec11071133aa278ab1e73b
	at org.openqa.selenium.remote.codec.w3c.W3CHttpResponseCodec.createException(W3CHttpResponseCodec.java:200)
	at org.openqa.selenium.remote.codec.w3c.W3CHttpResponseCodec.decode(W3CHttpResponseCodec.java:133)
	at org.openqa.selenium.remote.codec.w3c.W3CHttpResponseCodec.decode(W3CHttpResponseCodec.java:53)
	at org.openqa.selenium.remote.HttpCommandExecutor.execute(HttpCommandExecutor.java:184)
	at org.openqa.selenium.remote.service.DriverCommandExecutor.invokeExecute(DriverCommandExecutor.java:167)
	at org.openqa.selenium.remote.service.DriverCommandExecutor.execute(DriverCommandExecutor.java:142)
	at org.openqa.selenium.remote.RemoteWebDriver.execute(RemoteWebDriver.java:547)
	at org.openqa.selenium.remote.RemoteWebElement.execute(RemoteWebElement.java:257)
	at org.openqa.selenium.remote.RemoteWebElement.click(RemoteWebElement.java:78)
	at org.openqa.selenium.support.pagefactory.internal.LocatingElementHandler.invoke(LocatingElementHandler.java:52)
	at jdk.proxy2/jdk.proxy2.$Proxy16.click(Unknown Source)
	at testcases.alerts_frame_windowns.alert(alerts_frame_windowns.java:69)
	at java.base/java.util.ArrayList.forEach(ArrayList.java:1511)
... Removed 30 stack frames</div></td></tr></table><p class="totop"><a href="#summary">back to summary</a></p>
<h3 id="m1">testcases.alerts_frame_windowns#alert</h3><table class="result"><tr><th>Messages</th></tr><tr><td><div class="messages">New Test Startedalert</div></td></tr><tr><th>Exception</th></tr><tr><td><div class="stacktrace">org.openqa.selenium.NoAlertPresentException: no such alert
  (Session info: chrome=116.0.5845.141)
Build info: version: &apos;4.5.0&apos;, revision: &apos;fe167b119a&apos;
System info: os.name: &apos;Windows 10&apos;, os.arch: &apos;amd64&apos;, os.version: &apos;10.0&apos;, java.version: &apos;19&apos;
Driver info: org.openqa.selenium.chrome.ChromeDriver
Command: [2c00fb3372ec11071133aa278ab1e73b, getAlertText {}]
Capabilities {acceptInsecureCerts: false, browserName: chrome, browserVersion: 116.0.5845.141, chrome: {chromedriverVersion: 116.0.5845.96 (1a3918166880..., userDataDir: C:\Users\MASANA~1\AppData\L...}, fedcm:accounts: true, goog:chromeOptions: {debuggerAddress: localhost:62383}, networkConnectionEnabled: false, pageLoadStrategy: normal, platformName: WINDOWS, proxy: Proxy(), se:cdp: ws://localhost:62383/devtoo..., se:cdpVersion: 116.0.5845.141, setWindowRect: true, strictFileInteractability: false, timeouts: {implicit: 0, pageLoad: 300000, script: 30000}, unhandledPromptBehavior: dismiss and notify, webauthn:extension:credBlob: true, webauthn:extension:largeBlob: true, webauthn:extension:minPinLength: true, webauthn:extension:prf: true, webauthn:virtualAuthenticators: true}
Session ID: 2c00fb3372ec11071133aa278ab1e73b
	at org.openqa.selenium.remote.codec.w3c.W3CHttpResponseCodec.createException(W3CHttpResponseCodec.java:200)
	at org.openqa.selenium.remote.codec.w3c.W3CHttpResponseCodec.decode(W3CHttpResponseCodec.java:133)
	at org.openqa.selenium.remote.codec.w3c.W3CHttpResponseCodec.decode(W3CHttpResponseCodec.java:53)
	at org.openqa.selenium.remote.HttpCommandExecutor.execute(HttpCommandExecutor.java:184)
	at org.openqa.selenium.remote.service.DriverCommandExecutor.invokeExecute(DriverCommandExecutor.java:167)
	at org.openqa.selenium.remote.service.DriverCommandExecutor.execute(DriverCommandExecutor.java:142)
	at org.openqa.selenium.remote.RemoteWebDriver.execute(RemoteWebDriver.java:547)
	at org.openqa.selenium.remote.RemoteWebDriver.execute(RemoteWebDriver.java:602)
	at org.openqa.selenium.remote.RemoteWebDriver.execute(RemoteWebDriver.java:606)
	at org.openqa.selenium.remote.RemoteWebDriver$RemoteTargetLocator.alert(RemoteWebDriver.java:1084)
	at testcases.alerts_frame_windowns.alert(alerts_frame_windowns.java:53)
	at java.base/java.util.ArrayList.forEach(ArrayList.java:1511)
... Removed 28 stack frames</div></td></tr></table><p class="totop"><a href="#summary">back to summary</a></p>
<h3 id="m2">testcases.Toolsqa_elements#buttons</h3><table class="result"><tr><th>Messages</th></tr><tr><td><div class="messages">New Test Startedbuttons</div></td></tr></table><p class="totop"><a href="#summary">back to summary</a></p>
<h3 id="m3">testcases.Toolsqa_elements#checkbox</h3><table class="result"><tr><th>Messages</th></tr><tr><td><div class="messages">New Test Startedcheckbox</div></td></tr></table><p class="totop"><a href="#summary">back to summary</a></p>
<h3 id="m4">testcases.Toolsqa_elements#radiobutton</h3><table class="result"><tr><th>Messages</th></tr><tr><td><div class="messages">New Test Startedradiobutton</div></td></tr></table><p class="totop"><a href="#summary">back to summary</a></p>
<h3 id="m5">testcases.Toolsqa_elements#textbox</h3><table class="result"><tr><th>Messages</th></tr><tr><td><div class="messages">New Test Startedtextbox</div></td></tr></table><p class="totop"><a href="#summary">back to summary</a></p>
<h3 id="m6">testcases.Toolsqa_elements#webtables</h3><table class="result"><tr><th>Messages</th></tr><tr><td><div class="messages">New Test Startedwebtables</div></td></tr></table><p class="totop"><a href="#summary">back to summary</a></p>
<h3 id="m7">testcases.alerts_frame_windowns#alert</h3><table class="result"><tr><th>Messages</th></tr><tr><td><div class="messages">New Test Startedalert</div></td></tr></table><p class="totop"><a href="#summary">back to summary</a></p>
<h3 id="m8">testcases.alerts_frame_windowns#frames</h3><table class="result"><tr><th>Messages</th></tr><tr><td><div class="messages">New Test Startedframes</div></td></tr></table><p class="totop"><a href="#summary">back to summary</a></p>
<h3 id="m9">testcases.alerts_frame_windowns#nested_frames</h3><table class="result"><tr><th>Messages</th></tr><tr><td><div class="messages">New Test Startednested_frames</div></td></tr></table><p class="totop"><a href="#summary">back to summary</a></p>
<h3 id="m10">testcases.alerts_frame_windowns#slider</h3><table class="result"><tr><th>Messages</th></tr><tr><td><div class="messages">New Test Startedslider</div></td></tr></table><p class="totop"><a href="#summary">back to summary</a></p>
<h3 id="m11">testcases.alerts_frame_windowns#windowhandling</h3><table class="result"><tr><th>Messages</th></tr><tr><td><div class="messages">New Test Startedwindowhandling</div></td></tr></table><p class="totop"><a href="#summary">back to summary</a></p>
</body>
</html>
