<?xml version="1.0" encoding="UTF-8"?>
<testng-results retried="2" ignored="0" total="12" passed="10" failed="0" skipped="0">
  <reporter-output>
    <line>
      <![CDATA[New Test Startedalert]]>
    </line>
    <line>
      <![CDATA[New Test Startedalert]]>
    </line>
    <line>
      <![CDATA[New Test Startedalert]]>
    </line>
    <line>
      <![CDATA[New Test Startedframes]]>
    </line>
    <line>
      <![CDATA[New Test Startednested_frames]]>
    </line>
    <line>
      <![CDATA[New Test Startedwindowhandling]]>
    </line>
    <line>
      <![CDATA[New Test Startedslider]]>
    </line>
    <line>
      <![CDATA[New Test Startedtextbox]]>
    </line>
    <line>
      <![CDATA[New Test Startedcheckbox]]>
    </line>
    <line>
      <![CDATA[New Test Startedradiobutton]]>
    </line>
    <line>
      <![CDATA[New Test Startedwebtables]]>
    </line>
    <line>
      <![CDATA[New Test Startedbuttons]]>
    </line>
  </reporter-output>
  <suite started-at="2023-09-05T10:49:24 IST" name="Suite" finished-at="2023-09-05T10:50:22 IST" duration-ms="57935">
    <groups>
    </groups>
    <test started-at="2023-09-05T10:49:24 IST" name="Test" finished-at="2023-09-05T10:50:22 IST" duration-ms="57935">
      <class name="testcases.alerts_frame_windowns">
        <test-method is-config="true" signature="beforeTest()[pri:0, instance:testcases.alerts_frame_windowns@1cbb87f3]" started-at="2023-09-05T10:49:32 IST" name="beforeTest" finished-at="2023-09-05T10:49:32 IST" duration-ms="1" status="PASS">
          <reporter-output>
          </reporter-output>
        </test-method> <!-- beforeTest -->
        <test-method retried="true" signature="alert()[pri:0, instance:testcases.alerts_frame_windowns@1cbb87f3]" started-at="2023-09-05T10:49:32 IST" name="alert" finished-at="2023-09-05T10:49:49 IST" duration-ms="17721" status="SKIP">
          <exception class="org.openqa.selenium.ElementClickInterceptedException">
            <message>
              <![CDATA[element click intercepted: Element <button id="promtButton" type="button" class="btn btn-primary">...</button> is not clickable at point (689, 433). Other element would receive the click: <div>...</div>
  (Session info: chrome=116.0.5845.141)
Build info: version: '4.5.0', revision: 'fe167b119a'
System info: os.name: 'Windows 10', os.arch: 'amd64', os.version: '10.0', java.version: '19'
Driver info: org.openqa.selenium.chrome.ChromeDriver
Command: [2c00fb3372ec11071133aa278ab1e73b, clickElement {id=FF528BA1892556F26A87AA990D7A91BA_element_53}]
Capabilities {acceptInsecureCerts: false, browserName: chrome, browserVersion: 116.0.5845.141, chrome: {chromedriverVersion: 116.0.5845.96 (1a3918166880..., userDataDir: C:\Users\MASANA~1\AppData\L...}, fedcm:accounts: true, goog:chromeOptions: {debuggerAddress: localhost:62383}, networkConnectionEnabled: false, pageLoadStrategy: normal, platformName: WINDOWS, proxy: Proxy(), se:cdp: ws://localhost:62383/devtoo..., se:cdpVersion: 116.0.5845.141, setWindowRect: true, strictFileInteractability: false, timeouts: {implicit: 0, pageLoad: 300000, script: 30000}, unhandledPromptBehavior: dismiss and notify, webauthn:extension:credBlob: true, webauthn:extension:largeBlob: true, webauthn:extension:minPinLength: true, webauthn:extension:prf: true, webauthn:virtualAuthenticators: true}
Element: [[ChromeDriver: chrome on WINDOWS (2c00fb3372ec11071133aa278ab1e73b)] -> xpath: //button[@id="promtButton"]]
Session ID: 2c00fb3372ec11071133aa278ab1e73b]]>
            </message>
            <full-stacktrace>
              <![CDATA[org.openqa.selenium.ElementClickInterceptedException: element click intercepted: Element <button id="promtButton" type="button" class="btn btn-primary">...</button> is not clickable at point (689, 433). Other element would receive the click: <div>...</div>
  (Session info: chrome=116.0.5845.141)
Build info: version: '4.5.0', revision: 'fe167b119a'
System info: os.name: 'Windows 10', os.arch: 'amd64', os.version: '10.0', java.version: '19'
Driver info: org.openqa.selenium.chrome.ChromeDriver
Command: [2c00fb3372ec11071133aa278ab1e73b, clickElement {id=FF528BA1892556F26A87AA990D7A91BA_element_53}]
Capabilities {acceptInsecureCerts: false, browserName: chrome, browserVersion: 116.0.5845.141, chrome: {chromedriverVersion: 116.0.5845.96 (1a3918166880..., userDataDir: C:\Users\MASANA~1\AppData\L...}, fedcm:accounts: true, goog:chromeOptions: {debuggerAddress: localhost:62383}, networkConnectionEnabled: false, pageLoadStrategy: normal, platformName: WINDOWS, proxy: Proxy(), se:cdp: ws://localhost:62383/devtoo..., se:cdpVersion: 116.0.5845.141, setWindowRect: true, strictFileInteractability: false, timeouts: {implicit: 0, pageLoad: 300000, script: 30000}, unhandledPromptBehavior: dismiss and notify, webauthn:extension:credBlob: true, webauthn:extension:largeBlob: true, webauthn:extension:minPinLength: true, webauthn:extension:prf: true, webauthn:virtualAuthenticators: true}
Element: [[ChromeDriver: chrome on WINDOWS (2c00fb3372ec11071133aa278ab1e73b)] -> xpath: //button[@id="promtButton"]]
Session ID: 2c00fb3372ec11071133aa278ab1e73b
at java.base/jdk.internal.reflect.DirectConstructorHandleAccessor.newInstance(DirectConstructorHandleAccessor.java:67)
at java.base/java.lang.reflect.Constructor.newInstanceWithCaller(Constructor.java:500)
at java.base/java.lang.reflect.Constructor.newInstance(Constructor.java:484)
at org.openqa.selenium.remote.codec.w3c.W3CHttpResponseCodec.createException(W3CHttpResponseCodec.java:200)
at org.openqa.selenium.remote.codec.w3c.W3CHttpResponseCodec.decode(W3CHttpResponseCodec.java:133)
at org.openqa.selenium.remote.codec.w3c.W3CHttpResponseCodec.decode(W3CHttpResponseCodec.java:53)
at org.openqa.selenium.remote.HttpCommandExecutor.execute(HttpCommandExecutor.java:184)
at org.openqa.selenium.remote.service.DriverCommandExecutor.invokeExecute(DriverCommandExecutor.java:167)
at org.openqa.selenium.remote.service.DriverCommandExecutor.execute(DriverCommandExecutor.java:142)
at org.openqa.selenium.remote.RemoteWebDriver.execute(RemoteWebDriver.java:547)
at org.openqa.selenium.remote.RemoteWebElement.execute(RemoteWebElement.java:257)
at org.openqa.selenium.remote.RemoteWebElement.click(RemoteWebElement.java:78)
at java.base/jdk.internal.reflect.DirectMethodHandleAccessor.invoke(DirectMethodHandleAccessor.java:104)
at java.base/java.lang.reflect.Method.invoke(Method.java:578)
at org.openqa.selenium.support.pagefactory.internal.LocatingElementHandler.invoke(LocatingElementHandler.java:52)
at jdk.proxy2/jdk.proxy2.$Proxy16.click(Unknown Source)
at testcases.alerts_frame_windowns.alert(alerts_frame_windowns.java:69)
at java.base/jdk.internal.reflect.DirectMethodHandleAccessor.invoke(DirectMethodHandleAccessor.java:104)
at java.base/java.lang.reflect.Method.invoke(Method.java:578)
at org.testng.internal.MethodInvocationHelper.invokeMethod(MethodInvocationHelper.java:133)
at org.testng.internal.TestInvoker.invokeMethod(TestInvoker.java:598)
at org.testng.internal.TestInvoker.invokeTestMethod(TestInvoker.java:173)
at org.testng.internal.MethodRunner.runInSequence(MethodRunner.java:46)
at org.testng.internal.TestInvoker$MethodInvocationAgent.invoke(TestInvoker.java:824)
at org.testng.internal.TestInvoker.invokeTestMethods(TestInvoker.java:146)
at org.testng.internal.TestMethodWorker.invokeTestMethods(TestMethodWorker.java:146)
at org.testng.internal.TestMethodWorker.run(TestMethodWorker.java:128)
at java.base/java.util.ArrayList.forEach(ArrayList.java:1511)
at org.testng.TestRunner.privateRun(TestRunner.java:794)
at org.testng.TestRunner.run(TestRunner.java:596)
at org.testng.SuiteRunner.runTest(SuiteRunner.java:377)
at org.testng.SuiteRunner.runSequentially(SuiteRunner.java:371)
at org.testng.SuiteRunner.privateRun(SuiteRunner.java:332)
at org.testng.SuiteRunner.run(SuiteRunner.java:276)
at org.testng.SuiteRunnerWorker.runSuite(SuiteRunnerWorker.java:53)
at org.testng.SuiteRunnerWorker.run(SuiteRunnerWorker.java:96)
at org.testng.TestNG.runSuitesSequentially(TestNG.java:1212)
at org.testng.TestNG.runSuitesLocally(TestNG.java:1134)
at org.testng.TestNG.runSuites(TestNG.java:1063)
at org.testng.TestNG.run(TestNG.java:1031)
at org.testng.remote.AbstractRemoteTestNG.run(AbstractRemoteTestNG.java:115)
at org.testng.remote.RemoteTestNG.initAndRun(RemoteTestNG.java:251)
at org.testng.remote.RemoteTestNG.main(RemoteTestNG.java:77)
]]>
            </full-stacktrace>
          </exception> <!-- org.openqa.selenium.ElementClickInterceptedException -->
          <reporter-output>
            <line>
              <![CDATA[New Test Startedalert]]>
            </line>
          </reporter-output>
        </test-method> <!-- alert -->
        <test-method retried="true" signature="alert()[pri:0, instance:testcases.alerts_frame_windowns@1cbb87f3]" started-at="2023-09-05T10:49:49 IST" name="alert" finished-at="2023-09-05T10:49:52 IST" duration-ms="2833" status="SKIP">
          <exception class="org.openqa.selenium.NoAlertPresentException">
            <message>
              <![CDATA[no such alert
  (Session info: chrome=116.0.5845.141)
Build info: version: '4.5.0', revision: 'fe167b119a'
System info: os.name: 'Windows 10', os.arch: 'amd64', os.version: '10.0', java.version: '19'
Driver info: org.openqa.selenium.chrome.ChromeDriver
Command: [2c00fb3372ec11071133aa278ab1e73b, getAlertText {}]
Capabilities {acceptInsecureCerts: false, browserName: chrome, browserVersion: 116.0.5845.141, chrome: {chromedriverVersion: 116.0.5845.96 (1a3918166880..., userDataDir: C:\Users\MASANA~1\AppData\L...}, fedcm:accounts: true, goog:chromeOptions: {debuggerAddress: localhost:62383}, networkConnectionEnabled: false, pageLoadStrategy: normal, platformName: WINDOWS, proxy: Proxy(), se:cdp: ws://localhost:62383/devtoo..., se:cdpVersion: 116.0.5845.141, setWindowRect: true, strictFileInteractability: false, timeouts: {implicit: 0, pageLoad: 300000, script: 30000}, unhandledPromptBehavior: dismiss and notify, webauthn:extension:credBlob: true, webauthn:extension:largeBlob: true, webauthn:extension:minPinLength: true, webauthn:extension:prf: true, webauthn:virtualAuthenticators: true}
Session ID: 2c00fb3372ec11071133aa278ab1e73b]]>
            </message>
            <full-stacktrace>
              <![CDATA[org.openqa.selenium.NoAlertPresentException: no such alert
  (Session info: chrome=116.0.5845.141)
Build info: version: '4.5.0', revision: 'fe167b119a'
System info: os.name: 'Windows 10', os.arch: 'amd64', os.version: '10.0', java.version: '19'
Driver info: org.openqa.selenium.chrome.ChromeDriver
Command: [2c00fb3372ec11071133aa278ab1e73b, getAlertText {}]
Capabilities {acceptInsecureCerts: false, browserName: chrome, browserVersion: 116.0.5845.141, chrome: {chromedriverVersion: 116.0.5845.96 (1a3918166880..., userDataDir: C:\Users\MASANA~1\AppData\L...}, fedcm:accounts: true, goog:chromeOptions: {debuggerAddress: localhost:62383}, networkConnectionEnabled: false, pageLoadStrategy: normal, platformName: WINDOWS, proxy: Proxy(), se:cdp: ws://localhost:62383/devtoo..., se:cdpVersion: 116.0.5845.141, setWindowRect: true, strictFileInteractability: false, timeouts: {implicit: 0, pageLoad: 300000, script: 30000}, unhandledPromptBehavior: dismiss and notify, webauthn:extension:credBlob: true, webauthn:extension:largeBlob: true, webauthn:extension:minPinLength: true, webauthn:extension:prf: true, webauthn:virtualAuthenticators: true}
Session ID: 2c00fb3372ec11071133aa278ab1e73b
at java.base/jdk.internal.reflect.DirectConstructorHandleAccessor.newInstance(DirectConstructorHandleAccessor.java:67)
at java.base/java.lang.reflect.Constructor.newInstanceWithCaller(Constructor.java:500)
at java.base/java.lang.reflect.Constructor.newInstance(Constructor.java:484)
at org.openqa.selenium.remote.codec.w3c.W3CHttpResponseCodec.createException(W3CHttpResponseCodec.java:200)
at org.openqa.selenium.remote.codec.w3c.W3CHttpResponseCodec.decode(W3CHttpResponseCodec.java:133)
at org.openqa.selenium.remote.codec.w3c.W3CHttpResponseCodec.decode(W3CHttpResponseCodec.java:53)
at org.openqa.selenium.remote.HttpCommandExecutor.execute(HttpCommandExecutor.java:184)
at org.openqa.selenium.remote.service.DriverCommandExecutor.invokeExecute(DriverCommandExecutor.java:167)
at org.openqa.selenium.remote.service.DriverCommandExecutor.execute(DriverCommandExecutor.java:142)
at org.openqa.selenium.remote.RemoteWebDriver.execute(RemoteWebDriver.java:547)
at org.openqa.selenium.remote.RemoteWebDriver.execute(RemoteWebDriver.java:602)
at org.openqa.selenium.remote.RemoteWebDriver.execute(RemoteWebDriver.java:606)
at org.openqa.selenium.remote.RemoteWebDriver$RemoteTargetLocator.alert(RemoteWebDriver.java:1084)
at testcases.alerts_frame_windowns.alert(alerts_frame_windowns.java:53)
at java.base/jdk.internal.reflect.DirectMethodHandleAccessor.invoke(DirectMethodHandleAccessor.java:104)
at java.base/java.lang.reflect.Method.invoke(Method.java:578)
at org.testng.internal.MethodInvocationHelper.invokeMethod(MethodInvocationHelper.java:133)
at org.testng.internal.TestInvoker.invokeMethod(TestInvoker.java:598)
at org.testng.internal.TestInvoker.retryFailed(TestInvoker.java:213)
at org.testng.internal.MethodRunner.runInSequence(MethodRunner.java:58)
at org.testng.internal.TestInvoker$MethodInvocationAgent.invoke(TestInvoker.java:824)
at org.testng.internal.TestInvoker.invokeTestMethods(TestInvoker.java:146)
at org.testng.internal.TestMethodWorker.invokeTestMethods(TestMethodWorker.java:146)
at org.testng.internal.TestMethodWorker.run(TestMethodWorker.java:128)
at java.base/java.util.ArrayList.forEach(ArrayList.java:1511)
at org.testng.TestRunner.privateRun(TestRunner.java:794)
at org.testng.TestRunner.run(TestRunner.java:596)
at org.testng.SuiteRunner.runTest(SuiteRunner.java:377)
at org.testng.SuiteRunner.runSequentially(SuiteRunner.java:371)
at org.testng.SuiteRunner.privateRun(SuiteRunner.java:332)
at org.testng.SuiteRunner.run(SuiteRunner.java:276)
at org.testng.SuiteRunnerWorker.runSuite(SuiteRunnerWorker.java:53)
at org.testng.SuiteRunnerWorker.run(SuiteRunnerWorker.java:96)
at org.testng.TestNG.runSuitesSequentially(TestNG.java:1212)
at org.testng.TestNG.runSuitesLocally(TestNG.java:1134)
at org.testng.TestNG.runSuites(TestNG.java:1063)
at org.testng.TestNG.run(TestNG.java:1031)
at org.testng.remote.AbstractRemoteTestNG.run(AbstractRemoteTestNG.java:115)
at org.testng.remote.RemoteTestNG.initAndRun(RemoteTestNG.java:251)
at org.testng.remote.RemoteTestNG.main(RemoteTestNG.java:77)
]]>
            </full-stacktrace>
          </exception> <!-- org.openqa.selenium.NoAlertPresentException -->
          <reporter-output>
            <line>
              <![CDATA[New Test Startedalert]]>
            </line>
          </reporter-output>
        </test-method> <!-- alert -->
        <test-method signature="alert()[pri:0, instance:testcases.alerts_frame_windowns@1cbb87f3]" started-at="2023-09-05T10:49:52 IST" name="alert" finished-at="2023-09-05T10:50:00 IST" duration-ms="7916" status="PASS">
          <reporter-output>
            <line>
              <![CDATA[New Test Startedalert]]>
            </line>
          </reporter-output>
        </test-method> <!-- alert -->
        <test-method signature="frames()[pri:1, instance:testcases.alerts_frame_windowns@1cbb87f3]" started-at="2023-09-05T10:50:00 IST" name="frames" finished-at="2023-09-05T10:50:07 IST" duration-ms="6665" status="PASS">
          <reporter-output>
            <line>
              <![CDATA[New Test Startedframes]]>
            </line>
          </reporter-output>
        </test-method> <!-- frames -->
        <test-method signature="nested_frames()[pri:2, instance:testcases.alerts_frame_windowns@1cbb87f3]" started-at="2023-09-05T10:50:07 IST" name="nested_frames" finished-at="2023-09-05T10:50:10 IST" duration-ms="3471" status="PASS">
          <reporter-output>
            <line>
              <![CDATA[New Test Startednested_frames]]>
            </line>
          </reporter-output>
        </test-method> <!-- nested_frames -->
        <test-method signature="windowhandling()[pri:3, instance:testcases.alerts_frame_windowns@1cbb87f3]" started-at="2023-09-05T10:50:10 IST" name="windowhandling" finished-at="2023-09-05T10:50:11 IST" duration-ms="1121" status="PASS">
          <reporter-output>
            <line>
              <![CDATA[New Test Startedwindowhandling]]>
            </line>
          </reporter-output>
        </test-method> <!-- windowhandling -->
        <test-method signature="slider()[pri:4, instance:testcases.alerts_frame_windowns@1cbb87f3]" started-at="2023-09-05T10:50:11 IST" name="slider" finished-at="2023-09-05T10:50:15 IST" duration-ms="4004" status="PASS">
          <reporter-output>
            <line>
              <![CDATA[New Test Startedslider]]>
            </line>
          </reporter-output>
        </test-method> <!-- slider -->
        <test-method is-config="true" signature="afterTest()[pri:0, instance:testcases.alerts_frame_windowns@1cbb87f3]" started-at="2023-09-05T10:50:22 IST" name="afterTest" finished-at="2023-09-05T10:50:22 IST" duration-ms="235" status="PASS">
          <reporter-output>
          </reporter-output>
        </test-method> <!-- afterTest -->
      </class> <!-- testcases.alerts_frame_windowns -->
      <class name="testcases.Toolsqa_elements">
        <test-method is-config="true" signature="beforeTest()[pri:0, instance:testcases.Toolsqa_elements@15bbf42f]" started-at="2023-09-05T10:49:24 IST" name="beforeTest" finished-at="2023-09-05T10:49:32 IST" duration-ms="7362" status="PASS">
          <reporter-output>
          </reporter-output>
        </test-method> <!-- beforeTest -->
        <test-method signature="textbox()[pri:0, instance:testcases.Toolsqa_elements@15bbf42f]" started-at="2023-09-05T10:50:15 IST" name="textbox" finished-at="2023-09-05T10:50:19 IST" duration-ms="3386" status="PASS">
          <reporter-output>
            <line>
              <![CDATA[New Test Startedtextbox]]>
            </line>
          </reporter-output>
        </test-method> <!-- textbox -->
        <test-method signature="checkbox()[pri:1, instance:testcases.Toolsqa_elements@15bbf42f]" started-at="2023-09-05T10:50:19 IST" name="checkbox" finished-at="2023-09-05T10:50:20 IST" duration-ms="769" status="PASS">
          <reporter-output>
            <line>
              <![CDATA[New Test Startedcheckbox]]>
            </line>
          </reporter-output>
        </test-method> <!-- checkbox -->
        <test-method signature="radiobutton()[pri:2, instance:testcases.Toolsqa_elements@15bbf42f]" started-at="2023-09-05T10:50:20 IST" name="radiobutton" finished-at="2023-09-05T10:50:20 IST" duration-ms="388" status="PASS">
          <reporter-output>
            <line>
              <![CDATA[New Test Startedradiobutton]]>
            </line>
          </reporter-output>
        </test-method> <!-- radiobutton -->
        <test-method signature="webtables()[pri:3, instance:testcases.Toolsqa_elements@15bbf42f]" started-at="2023-09-05T10:50:20 IST" name="webtables" finished-at="2023-09-05T10:50:21 IST" duration-ms="1180" status="PASS">
          <reporter-output>
            <line>
              <![CDATA[New Test Startedwebtables]]>
            </line>
          </reporter-output>
        </test-method> <!-- webtables -->
        <test-method signature="buttons()[pri:4, instance:testcases.Toolsqa_elements@15bbf42f]" started-at="2023-09-05T10:50:21 IST" name="buttons" finished-at="2023-09-05T10:50:22 IST" duration-ms="779" status="PASS">
          <reporter-output>
            <line>
              <![CDATA[New Test Startedbuttons]]>
            </line>
          </reporter-output>
        </test-method> <!-- buttons -->
        <test-method is-config="true" signature="afterTest()[pri:0, instance:testcases.Toolsqa_elements@15bbf42f]" started-at="2023-09-05T10:50:22 IST" name="afterTest" finished-at="2023-09-05T10:50:22 IST" duration-ms="1" status="PASS">
          <reporter-output>
          </reporter-output>
        </test-method> <!-- afterTest -->
      </class> <!-- testcases.Toolsqa_elements -->
    </test> <!-- Test -->
  </suite> <!-- Suite -->
</testng-results>
